[debug] [2022-03-03T19:44:14.279Z] ----------------------------------------------------------------------
[debug] [2022-03-03T19:44:14.280Z] Command:       C:\Program Files\nodejs\node.exe C:\Users\vampi\AppData\Roaming\npm\node_modules\firebase-tools\lib\bin\firebase.js init
[debug] [2022-03-03T19:44:14.281Z] CLI Version:   10.2.2
[debug] [2022-03-03T19:44:14.281Z] Platform:      win32
[debug] [2022-03-03T19:44:14.281Z] Node Version:  v17.4.0
[debug] [2022-03-03T19:44:14.281Z] Time:          Fri Mar 04 2022 00:44:14 GMT+0500 (Екатеринбург, стандартное время)
[debug] [2022-03-03T19:44:14.282Z] ----------------------------------------------------------------------
[debug] 
[debug] [2022-03-03T19:44:14.322Z] > command requires scopes: ["email","openid","https://www.googleapis.com/auth/cloudplatformprojects.readonly","https://www.googleapis.com/auth/firebase","https://www.googleapis.com/auth/cloud-platform"]
[debug] [2022-03-03T19:44:14.322Z] > authorizing via signed-in user (iw.borisow@gmail.com)
[info] 
     ######## #### ########  ######## ########     ###     ######  ########
     ##        ##  ##     ## ##       ##     ##  ##   ##  ##       ##
     ######    ##  ########  ######   ########  #########  ######  ######
     ##        ##  ##    ##  ##       ##     ## ##     ##       ## ##
     ##       #### ##     ## ######## ########  ##     ##  ######  ########

You're about to initialize a Firebase project in this directory:

  E:\Программирование\code\form_authorization

Before we get started, keep in mind:

  * You are initializing within an existing Firebase project directory

[info] 
=== Project Setup
[info] 
[info] First, let's associate this project directory with a Firebase project.
[info] You can create multiple project aliases by running firebase use --add, 
[info] but for now we'll just set up a default project.
[info] 
[debug] [2022-03-03T19:44:20.555Z] Using project from CLI flag: form-authorization-6bccd
[debug] [2022-03-03T19:44:20.557Z] >>> [apiv2][query] GET https://firebase.googleapis.com/v1beta1/projects/form-authorization-6bccd [none]
[debug] [2022-03-03T19:44:20.964Z] <<< [apiv2][status] GET https://firebase.googleapis.com/v1beta1/projects/form-authorization-6bccd 200
[debug] [2022-03-03T19:44:20.964Z] <<< [apiv2][body] GET https://firebase.googleapis.com/v1beta1/projects/form-authorization-6bccd {"projectId":"form-authorization-6bccd","projectNumber":"667696711536","displayName":"form-authorization","name":"projects/form-authorization-6bccd","resources":{"hostingSite":"form-authorization-6bccd"},"state":"ACTIVE"}
[info] i  Using project form-authorization-6bccd (form-authorization) 
[info] 
=== Hosting Setup
[info] 
[info] Your public directory is the folder (relative to your project directory) that
[info] will contain Hosting assets to be uploaded with firebase deploy. If you
[info] have a build process for your assets, use your build's output directory.
[info] 
